2/19/2020, 6:03:00 AM, "⭐  mongodb loaded and connected"

2/19/2020, 6:03:00 AM, "⭐  agenda injected into container"

2/19/2020, 6:03:00 AM, "⭐  dependency injector loaded"

2/19/2020, 6:03:00 AM, "⭐  agenda jobs loaded"

2/19/2020, 6:03:00 AM, "⭐  express setup and loaded"

2/19/2020, 6:05:14 AM, "⭐  mongodb loaded and connected"

2/19/2020, 6:05:14 AM, "⭐  agenda injected into container"

2/19/2020, 6:05:14 AM, "⭐  dependency injector loaded"

2/19/2020, 6:05:14 AM, "⭐  agenda jobs loaded"

2/19/2020, 6:05:14 AM, "⭐  express setup and loaded"

2/19/2020, 6:05:14 AM, "⭐  development server on port 5000"

2/19/2020, 6:05:48 AM, "⭐  mongodb loaded and connected"

2/19/2020, 6:05:48 AM, "⭐  agenda injected into container"

2/19/2020, 6:05:48 AM, "⭐  dependency injector loaded"

2/19/2020, 6:05:48 AM, "⭐  agenda jobs loaded"

2/19/2020, 6:05:48 AM, "⭐  express setup and loaded"

2/19/2020, 6:05:48 AM, "⭐  development server on port 5000"

2/19/2020, 6:15:14 AM, "⭐  mongodb loaded and connected"

2/19/2020, 6:15:14 AM, "⭐  agenda injected into container"

2/19/2020, 6:15:14 AM, "⭐  dependency injector loaded"

2/19/2020, 6:15:14 AM, "⭐  agenda jobs loaded"

2/19/2020, 6:15:14 AM, "⭐  express setup and loaded"

2/19/2020, 6:15:14 AM, "⭐  development server on port 5000"

2/20/2020, 5:00:47 PM, "⭐  mongodb loaded and connected"

2/20/2020, 5:00:47 PM, "⭐  agenda injected into container"

2/20/2020, 5:00:47 PM, "⭐  dependency injector loaded"

2/20/2020, 5:00:47 PM, "⭐  agenda jobs loaded"

2/20/2020, 5:00:47 PM, "⭐  express setup and loaded"

2/20/2020, 5:00:47 PM, "⭐  development server on port 5000"

2/20/2020, 5:01:17 PM, "⭐  mongodb loaded and connected"

2/20/2020, 5:01:17 PM, "⭐  agenda injected into container"

2/20/2020, 5:01:17 PM, "⭐  dependency injector loaded"

2/20/2020, 5:01:17 PM, "⭐  agenda jobs loaded"

2/20/2020, 5:01:17 PM, "⭐  express setup and loaded"

2/20/2020, 5:01:17 PM, "⭐  development server on port 5000"

2/20/2020, 5:01:22 PM, "⭐  mongodb loaded and connected"

2/20/2020, 5:01:22 PM, "⭐  agenda injected into container"

2/20/2020, 5:01:22 PM, "⭐  dependency injector loaded"

2/20/2020, 5:01:22 PM, "⭐  agenda jobs loaded"

2/20/2020, 5:01:22 PM, "⭐  express setup and loaded"

2/20/2020, 5:01:22 PM, "⭐  development server on port 5000"

2/20/2020, 5:01:38 PM, "⭐  mongodb loaded and connected"

2/20/2020, 5:01:38 PM, "⭐  agenda injected into container"

2/20/2020, 5:01:38 PM, "⭐  dependency injector loaded"

2/20/2020, 5:01:38 PM, "⭐  agenda jobs loaded"

2/20/2020, 5:01:38 PM, "⭐  express setup and loaded"

2/20/2020, 5:01:38 PM, "⭐  development server on port 5000"

2/20/2020, 5:01:43 PM, "⭐  mongodb loaded and connected"

2/20/2020, 5:01:43 PM, "⭐  agenda injected into container"

2/20/2020, 5:01:43 PM, "⭐  dependency injector loaded"

2/20/2020, 5:01:43 PM, "⭐  agenda jobs loaded"

2/20/2020, 5:01:43 PM, "⭐  express setup and loaded"

2/20/2020, 5:01:43 PM, "⭐  development server on port 5000"

2/20/2020, 5:01:49 PM, "⭐  mongodb loaded and connected"

2/20/2020, 5:01:49 PM, "⭐  agenda injected into container"

2/20/2020, 5:01:49 PM, "⭐  dependency injector loaded"

2/20/2020, 5:01:49 PM, "⭐  agenda jobs loaded"

2/20/2020, 5:01:49 PM, "⭐  express setup and loaded"

2/20/2020, 5:01:49 PM, "⭐  development server on port 5000"

2/20/2020, 5:01:59 PM, "⭐  mongodb loaded and connected"

2/20/2020, 5:01:59 PM, "⭐  agenda injected into container"

2/20/2020, 5:01:59 PM, "⭐  dependency injector loaded"

2/20/2020, 5:01:59 PM, "⭐  agenda jobs loaded"

2/20/2020, 5:01:59 PM, "⭐  express setup and loaded"

2/20/2020, 5:01:59 PM, "⭐  development server on port 5000"

2/20/2020, 5:02:13 PM, "⭐  mongodb loaded and connected"

2/20/2020, 5:02:13 PM, "⭐  agenda injected into container"

2/20/2020, 5:02:13 PM, "⭐  dependency injector loaded"

2/20/2020, 5:02:13 PM, "⭐  agenda jobs loaded"

2/20/2020, 5:02:13 PM, "⭐  express setup and loaded"

2/20/2020, 5:02:13 PM, "⭐  development server on port 5000"

2/20/2020, 5:02:19 PM, "⭐  mongodb loaded and connected"

2/20/2020, 5:02:19 PM, "⭐  agenda injected into container"

2/20/2020, 5:02:19 PM, "⭐  dependency injector loaded"

2/20/2020, 5:02:19 PM, "⭐  agenda jobs loaded"

2/20/2020, 5:02:19 PM, "⭐  express setup and loaded"

2/20/2020, 5:02:19 PM, "⭐  development server on port 5000"

3/22/2020, 9:52:27 PM, "⭐  mongodb loaded and connected"

3/22/2020, 9:52:27 PM, "⭐  agenda injected into container"

3/22/2020, 9:52:27 PM, "⭐  dependency injector loaded"

3/22/2020, 9:52:27 PM, "⭐  agenda jobs loaded"

3/22/2020, 9:52:27 PM, "⭐  express setup and loaded"

3/22/2020, 9:52:27 PM, "⭐  development server on port 5000"

3/22/2020, 9:53:28 PM, "⭐  mongodb loaded and connected"

3/22/2020, 9:53:28 PM, "⭐  agenda injected into container"

3/22/2020, 9:53:28 PM, "⭐  dependency injector loaded"

3/22/2020, 9:53:28 PM, "⭐  agenda jobs loaded"

3/22/2020, 9:53:28 PM, "⭐  express setup and loaded"

3/22/2020, 9:53:28 PM, "⭐  development server on port 5000"

3/22/2020, 9:53:44 PM, "⭐  mongodb loaded and connected"

3/22/2020, 9:53:44 PM, "⭐  agenda injected into container"

3/22/2020, 9:53:44 PM, "⭐  dependency injector loaded"

3/22/2020, 9:53:44 PM, "⭐  agenda jobs loaded"

3/22/2020, 9:53:44 PM, "⭐  express setup and loaded"

3/22/2020, 9:53:44 PM, "⭐  development server on port 5000"

3/22/2020, 9:54:12 PM, "⭐  mongodb loaded and connected"

3/22/2020, 9:54:12 PM, "⭐  agenda injected into container"

3/22/2020, 9:54:12 PM, "⭐  dependency injector loaded"

3/22/2020, 9:54:12 PM, "⭐  agenda jobs loaded"

3/22/2020, 9:54:12 PM, "⭐  express setup and loaded"

3/22/2020, 9:54:12 PM, "⭐  development server on port 5000"

3/22/2020, 9:56:45 PM, "⭐  mongodb loaded and connected"

3/22/2020, 9:56:45 PM, "⭐  agenda injected into container"

3/22/2020, 9:56:45 PM, "⭐  dependency injector loaded"

3/22/2020, 9:56:45 PM, "⭐  agenda jobs loaded"

3/22/2020, 9:56:45 PM, "⭐  express setup and loaded"

3/22/2020, 9:56:45 PM, "⭐ ?? development server on port 5000"

3/22/2020, 9:56:57 PM, "⭐  mongodb loaded and connected"

3/22/2020, 9:56:57 PM, "⭐  agenda injected into container"

3/22/2020, 9:56:57 PM, "⭐  dependency injector loaded"

3/22/2020, 9:56:57 PM, "⭐  agenda jobs loaded"

3/22/2020, 9:56:57 PM, "⭐  express setup and loaded"

3/22/2020, 9:56:57 PM, " ?? development server on port 5000"

3/22/2020, 9:57:02 PM, "⭐  mongodb loaded and connected"

3/22/2020, 9:57:02 PM, "⭐  agenda injected into container"

3/22/2020, 9:57:02 PM, "⭐  dependency injector loaded"

3/22/2020, 9:57:02 PM, "⭐  agenda jobs loaded"

3/22/2020, 9:57:02 PM, "⭐  express setup and loaded"

3/22/2020, 9:57:02 PM, "⭐  development server on port 5000"

